[DEBUG build_start] Build function started (session: A)
[DEBUG target_optimize_setup] Target and optimize options set (session: A)
[DEBUG build_complete] Build function completed successfully (session: A)
install
+- install nyon_game
   +- compile exe nyon_game Debug native 1 errors
src\vendor\sysgpu\sysgpu\interface.zig:302:28: error: sysgpu.Interface field 'deviceCreateRenderPipeline'
                                                      	expected type: fn (*sysgpu.device.Device, *const sysgpu.render_pipeline.RenderPipeline.Descriptor) callconv(.@"inline") ?*sysgpu.render_pipeline.RenderPipeline
                                                      	   found type: fn (*sysgpu.device.Device, *const sysgpu.render_pipeline.RenderPipeline.Descriptor) ?*sysgpu.render_pipeline.RenderPipeline
    if (FoundDecl != Decl) @compileError("sysgpu.Interface field '" ++ name ++ "'\n\texpected type: " ++ @typeName(Decl) ++ "\n\t   found type: " ++ @typeName(FoundDecl));
                           ^~~~~~~~~~~~~~~~~~~~~~~~~~~~~~~~~~~~~~~~~~~~~~~~~~~~~~~~~~~~~~~~~~~~~~~~~~~~~~~~~~~~~~~~~~~~~~~~~~~~~~~~~~~~~~~~~~~~~~~~~~~~~~~~~~~~~~~~~~~~~~~
src\vendor\sysgpu\sysgpu\interface.zig:24:15: note: called at comptime here
    assertDecl(T, "deviceCreateRenderPipeline", fn (device: *sysgpu.Device, descriptor: *const sysgpu.RenderPipeline.Descriptor) callconv(.@"inline") ?*sysgpu.RenderPipeline);
    ~~~~~~~~~~^~~~~~~~~~~~~~~~~~~~~~~~~~~~~~~~~~~~~~~~~~~~~~~~~~~~~~~~~~~~~~~~~~~~~~~~~~~~~~~~~~~~~~~~~~~~~~~~~~~~~~~~~~~~~~~~~~~~~~~~~~~~~~~~~~~~~~~~~~~~~~~~~~~~~~~~~~~~~~~~
src\vendor\sysgpu\main.zig:19:34: note: called at comptime here
pub const Impl = sysgpu.Interface(struct {
                 ~~~~~~~~~~~~~~~~^
referenced by:
    init: src\engine\webgpu_backend.zig:21:19
    init: src\engine.zig:49:54
    6 reference(s) hidden; use '-freference-trace=8' to see all references
error: 1 compilation errors
failed command: "C:\\Users\\donald\\AppData\\Roaming\\Antigravity\\User\\globalStorage\\ziglang.vscode-zig\\zig\\x86_64-windows-0.16.0-dev.1912+0cbaaa5eb\\zig.exe" build-exe -ODebug --dep raylib=raygui --dep raygui --dep zglfw --dep nyon_game "-Mroot=C:\\Users\\donald\\nyon-game\\src\\main.zig" "-Mraygui=C:\\Users\\donald\\nyon-game\\src\\raylib_stub.zig" "-Mzglfw=C:\\Users\\donald\\nyon-game\\src\\raylib_stub.zig" -ODebug --dep raylib=raygui --dep raygui --dep zglfw --dep sysgpu --dep nyon_game "-Mnyon_game=C:\\Users\\donald\\nyon-game\\src\\root.zig" -ODebug "-Msysgpu=C:\\Users\\donald\\nyon-game\\src\\vendor\\sysgpu\\main.zig" -lc --cache-dir .zig-cache --global-cache-dir "C:\\Users\\donald\\AppData\\Local\\zig" --name nyon_game --zig-lib-dir "C:\\Users\\donald\\AppData\\Roaming\\Antigravity\\User\\globalStorage\\ziglang.vscode-zig\\zig\\x86_64-windows-0.16.0-dev.1912+0cbaaa5eb\\lib\\" --listen=-

Build Summary: 2/5 steps succeeded (1 failed)
install transitive failure
+- install nyon_game transitive failure
   +- compile exe nyon_game Debug native 1 errors

error: the following build command failed with exit code 1:
.zig-cache\o\fa049ec306d795993228eaa6a48708ec\build.exe C:\Users\donald\AppData\Roaming\Antigravity\User\globalStorage\ziglang.vscode-zig\zig\x86_64-windows-0.16.0-dev.1912+0cbaaa5eb\zig.exe C:\Users\donald\AppData\Roaming\Antigravity\User\globalStorage\ziglang.vscode-zig\zig\x86_64-windows-0.16.0-dev.1912+0cbaaa5eb\lib C:\Users\donald\nyon-game .zig-cache C:\Users\donald\AppData\Local\zig --seed 0x7cd9ea18 -Z2361da946daecdd3
